::1 - - [04/Feb/2025:18:29:02 -0500] "GET /admin/login HTTP/1.1" 200 1368 0.0088
::1 - - [04/Feb/2025:18:29:06 -0500] "POST /admin/login HTTP/1.1" 303 - 0.0017
::1 - - [04/Feb/2025:18:29:06 -0500] "GET /admin/dashboard HTTP/1.1" 200 3201 0.6219
::1 - - [04/Feb/2025:18:29:13 -0500] "GET /admin/gallery/portrait HTTP/1.1" 200 6804 0.9755
::1 - - [04/Feb/2025:18:30:10 -0500] "GET /admin/gallery/disposable HTTP/1.1" 200 6927 0.8670
::1 - - [04/Feb/2025:18:30:12 -0500] "GET /admin/gallery/landscape HTTP/1.1" 200 13252 0.9624
::1 - - [04/Feb/2025:18:31:40 -0500] "POST /admin/gallery/landscape/upload HTTP/1.1" 303 - 0.4991
::1 - - [04/Feb/2025:18:31:41 -0500] "GET /admin/gallery/landscape HTTP/1.1" 200 13466 0.8848
::1 - - [04/Feb/2025:18:31:46 -0500] "GET /admin/dashboard HTTP/1.1" 200 3201 0.4973
::1 - - [04/Feb/2025:18:31:51 -0500] "POST /admin/push HTTP/1.1" 303 - 3.2461
::1 - - [04/Feb/2025:18:31:51 -0500] "GET /admin/dashboard HTTP/1.1" 200 3417 0.5211
::1 - - [04/Feb/2025:18:34:54 -0500] "GET /admin/gallery/landscape HTTP/1.1" 200 14419 0.8448
::1 - - [04/Feb/2025:18:34:57 -0500] "GET /admin/dashboard HTTP/1.1" 200 3201 0.5445
::1 - - [04/Feb/2025:18:35:08 -0500] "GET /admin/gallery/streets HTTP/1.1" 200 16722 0.8622
::1 - - [04/Feb/2025:18:35:11 -0500] "GET /admin/gallery/subjects HTTP/1.1" 200 13671 0.8066
::1 - - [04/Feb/2025:18:36:02 -0500] "GET /admin/__sinatra__/500.png HTTP/1.1" 200 24378 0.0035
::1 - - [04/Feb/2025:18:38:18 -0500] "GET /admin/gallery/ HTTP/1.1" 404 14 0.0014
::1 - - [04/Feb/2025:18:38:23 -0500] "GET /admin/gallery/ HTTP/1.1" 404 14 0.0038
::1 - - [04/Feb/2025:18:38:27 -0500] "GET /admin/ HTTP/1.1" 302 - 0.0013
::1 - - [04/Feb/2025:18:38:27 -0500] "GET /admin/login HTTP/1.1" 200 1501 0.0029
::1 - - [04/Feb/2025:18:38:30 -0500] "POST /admin/login HTTP/1.1" 303 - 0.0015
::1 - - [04/Feb/2025:18:38:31 -0500] "GET /admin/dashboard HTTP/1.1" 200 3201 0.6522
::1 - - [04/Feb/2025:18:38:33 -0500] "GET /admin/gallery/landscape HTTP/1.1" 200 14203 0.7896
::1 - - [04/Feb/2025:18:38:37 -0500] "GET /admin/gallery/subjects HTTP/1.1" 200 13671 0.8029
::1 - - [04/Feb/2025:18:39:17 -0500] "GET /admin/ HTTP/1.1" 302 - 0.0043
::1 - - [04/Feb/2025:18:39:17 -0500] "GET /admin/login HTTP/1.1" 200 1368 0.0043
::1 - - [04/Feb/2025:18:39:22 -0500] "POST /admin/login HTTP/1.1" 303 - 0.0016
::1 - - [04/Feb/2025:18:39:22 -0500] "GET /admin/dashboard HTTP/1.1" 200 3201 0.5867
::1 - - [04/Feb/2025:18:39:28 -0500] "GET /admin/gallery/landscape HTTP/1.1" 200 14203 0.8786
::1 - - [04/Feb/2025:18:39:33 -0500] "GET /admin/gallery/subjects HTTP/1.1" 200 13671 0.7760
::1 - - [04/Feb/2025:18:39:43 -0500] "POST /admin/gallery/subjects/delete/building.png HTTP/1.1" 303 - 2.1583
::1 - - [04/Feb/2025:18:39:44 -0500] "GET /admin/gallery/subjects HTTP/1.1" 200 14109 0.8399
::1 - - [04/Feb/2025:18:41:24 -0500] "GET /admin/gallery/subjects HTTP/1.1" 302 - 0.0070
::1 - - [04/Feb/2025:18:41:24 -0500] "GET /admin/login HTTP/1.1" 200 1368 0.0045
::1 - - [04/Feb/2025:18:41:27 -0500] "POST /admin/login HTTP/1.1" 303 - 0.0017
::1 - - [04/Feb/2025:18:41:28 -0500] "GET /admin/dashboard HTTP/1.1" 200 3201 0.6201
::1 - - [04/Feb/2025:18:41:30 -0500] "GET /admin/gallery/albums HTTP/1.1" 200 2137 0.5716
::1 - - [04/Feb/2025:18:41:33 -0500] "GET /admin/gallery/landscape HTTP/1.1" 200 14203 0.8300
::1 - - [04/Feb/2025:18:41:43 -0500] "GET /admin/gallery/subjects HTTP/1.1" 200 13671 0.7742
::1 - - [04/Feb/2025:18:41:49 -0500] "POST /admin/gallery/subjects/delete/building.png HTTP/1.1" 303 - 1.8009
::1 - - [04/Feb/2025:18:41:50 -0500] "GET /admin/gallery/subjects HTTP/1.1" 200 13410 0.7497
::1 - - [04/Feb/2025:18:42:35 -0500] "GET /admin/gallery/streets HTTP/1.1" 200 16722 0.8517
::1 - - [04/Feb/2025:18:43:37 -0500] "GET /admin/gallery/cityscape HTTP/1.1" 200 11758 0.7591
::1 - - [04/Feb/2025:18:43:40 -0500] "GET /admin/gallery/subjects HTTP/1.1" 200 13210 0.7762
::1 - - [04/Feb/2025:18:43:47 -0500] "GET /admin/gallery/landscape HTTP/1.1" 200 14203 0.7712
::1 - - [04/Feb/2025:18:44:09 -0500] "POST /admin/gallery/landscape/upload HTTP/1.1" 303 - 0.1253
::1 - - [04/Feb/2025:18:44:10 -0500] "GET /admin/gallery/landscape HTTP/1.1" 200 14408 0.9275
::1 - - [04/Feb/2025:18:44:13 -0500] "GET /admin/dashboard HTTP/1.1" 200 3201 0.5089
::1 - - [04/Feb/2025:18:49:18 -0500] "GET /admin/dashboard HTTP/1.1" 302 - 0.0058
::1 - - [04/Feb/2025:18:49:18 -0500] "GET /admin/login HTTP/1.1" 200 1368 0.0045
::1 - - [04/Feb/2025:18:49:23 -0500] "POST /admin/login HTTP/1.1" 303 - 0.0019
::1 - - [04/Feb/2025:18:49:23 -0500] "GET /admin/dashboard HTTP/1.1" 200 3201 0.5992
::1 - - [04/Feb/2025:18:49:28 -0500] "GET /admin/gallery/landscape HTTP/1.1" 200 15136 0.8560
::1 - - [04/Feb/2025:18:49:58 -0500] "GET /admin/gallery/subjects HTTP/1.1" 200 12275 0.7683
::1 - - [04/Feb/2025:18:50:03 -0500] "POST /admin/gallery/subjects/delete/000006.JPG HTTP/1.1" 303 - 1.5252
::1 - - [04/Feb/2025:18:50:04 -0500] "GET /admin/gallery/subjects HTTP/1.1" 200 12475 0.8099
::1 - - [04/Feb/2025:18:50:07 -0500] "GET /admin/dashboard HTTP/1.1" 200 3201 0.5634
