# Logfile created on 2025-02-04 18:31:48 -0500 by logger.rb/v1.6.5
I, [2025-02-04T18:31:48.156439 #67736]  INFO -- : Stashing changes...
I, [2025-02-04T18:31:48.197865 #67736]  INFO -- : Fetching from remote...
I, [2025-02-04T18:31:48.798553 #67736]  INFO -- : Cleaning untracked files...
I, [2025-02-04T18:31:48.827784 #67736]  INFO -- : Pulling changes...
I, [2025-02-04T18:31:49.160915 #67736]  INFO -- : Restoring stashed changes...
I, [2025-02-04T18:31:49.198817 #67736]  INFO -- : Staging changes...
I, [2025-02-04T18:31:49.384414 #67736]  INFO -- : Committing and pushing changes...
I, [2025-02-04T18:31:51.357818 #67736]  INFO -- : Successfully synchronized with remote repository
I, [2025-02-04T18:44:14.536676 #68155]  INFO -- : Stashing changes...
I, [2025-02-04T18:50:08.724942 #68483]  INFO -- : Stashing changes...
I, [2025-02-04T19:05:17.422628 #69228]  INFO -- : Stashing changes...
I, [2025-02-04T19:07:17.279198 #69228]  INFO -- : Stashing changes...
I, [2025-02-04T19:13:34.260987 #69642]  INFO -- : Stashing changes...
I, [2025-02-04T19:17:37.350814 #69805]  INFO -- : Stashing changes...
I, [2025-02-04T19:49:12.076616 #70264]  INFO -- : Stashing changes...
I, [2025-02-04T19:53:57.260725 #70264]  INFO -- : Stashing changes...
I, [2025-02-04T21:23:15.507301 #73838]  INFO -- : Stashing changes...
I, [2025-02-05T01:32:35.121528 #77295]  INFO -- : Stashing changes...
I, [2025-02-05T18:58:25.636320 #77295]  INFO -- : Stashing changes...
